<?xml version="1.0" encoding="UTF-8"?>
<!-- Generated by org.testng.reporters.JUnitReportReporter -->
<testsuite hostname="LAPTOP-PDGOCL0O" failures="0" tests="1" name="Project1.new1" time="0.007" errors="0" timestamp="2025-05-11T18:45:19 IST" skipped="0">
  <testcase classname="Project1.new1" name="print" time="0.007"/>
</testsuite> <!-- Project1.new1 -->
