<?xml version="1.0" encoding="UTF-8"?>
<!-- Generated by org.testng.reporters.JUnitReportReporter -->
<testsuite hostname="LAPTOP-PDGOCL0O" failures="0" tests="1" name="testCases.TC1_registration" time="6.419" errors="0" timestamp="2025-05-27T15:04:15 IST" skipped="0">
  <testcase classname="testCases.TC1_registration" name="registration" time="6.419"/>
</testsuite> <!-- testCases.TC1_registration -->
