<?xml version="1.0" encoding="UTF-8"?>
<!-- Generated by org.testng.reporters.JUnitReportReporter -->
<testsuite hostname="LAPTOP-PDGOCL0O" failures="0" tests="4" name="testCases.TC2_LogIn" time="9.621" errors="0" timestamp="2025-06-01T01:26:08 IST" skipped="0">
  <testcase classname="testCases.TC2_LogIn" name="login" time="2.321"/>
  <testcase classname="testCases.TC2_LogIn" name="login" time="2.419"/>
  <testcase classname="testCases.TC2_LogIn" name="login" time="2.431"/>
  <testcase classname="testCases.TC2_LogIn" name="login" time="2.450"/>
</testsuite> <!-- testCases.TC2_LogIn -->
